<component name="libraryTable">
  <library name="junit">
    <CLASSES>
      <root url="file://$PROJECT_DIR$/src/main/resources/junit" />
    </CLASSES>
    <JAVADOC />
    <SOURCES />
  </library>
</component>